# JRE version: OpenJDK Runtime Environment (17.0.9) (build 17.0.9+0-17.0.9b1087.7-11185874)
# Java VM: OpenJDK 64-Bit Server VM (17.0.9+0-17.0.9b1087.7-11185874, mixed mode, tiered, compressed oops, compressed class ptrs, g1 gc, linux-amd64)
GC Precious Log:
 CPUs: 4 total, 4 available
 Memory: 7802M
 Large Page Support: Disabled
 NUMA Support: Disabled
 Compressed Oops: Enabled (32-bit)
 Heap Region Size: 1M
 Heap Min Capacity: 8M
 Heap Initial Capacity: 122M
 Heap Max Capacity: 2G
 Pre-touch: Disabled
 Parallel Workers: 4
 Concurrent Workers: 1
 Concurrent Refinement Workers: 4
 Periodic GC: Disabled
Heap:
 garbage-first heap   total 211968K, used 150790K [0x0000000080000000, 0x0000000100000000)
  region size 1024K, 5 young (5120K), 3 survivors (3072K)
 Metaspace       used 111325K, committed 112128K, reserved 1179648K
  class space    used 15320K, committed 15680K, reserved 1048576K
GC Heap History (20 events):
Event: 208.548 GC heap before
{Heap before GC invocations=74 (full 0):
 garbage-first heap   total 176128K, used 147681K [0x0000000080000000, 0x0000000100000000)
  region size 1024K, 16 young (16384K), 3 survivors (3072K)
 Metaspace       used 108774K, committed 109568K, reserved 1179648K
  class space    used 15038K, committed 15424K, reserved 1048576K
}
Event: 208.568 GC heap after
{Heap after GC invocations=75 (full 0):
 garbage-first heap   total 176128K, used 136110K [0x0000000080000000, 0x0000000100000000)
  region size 1024K, 2 young (2048K), 2 survivors (2048K)
 Metaspace       used 108774K, committed 109568K, reserved 1179648K
  class space    used 15038K, committed 15424K, reserved 1048576K
}
Event: 210.403 GC heap before
{Heap before GC invocations=75 (full 0):
 garbage-first heap   total 176128K, used 149422K [0x0000000080000000, 0x0000000100000000)
  region size 1024K, 15 young (15360K), 2 survivors (2048K)
 Metaspace       used 108794K, committed 109568K, reserved 1179648K
  class space    used 15038K, committed 15424K, reserved 1048576K
}
Event: 210.412 GC heap after
{Heap after GC invocations=76 (full 0):
 garbage-first heap   total 176128K, used 137290K [0x0000000080000000, 0x0000000100000000)
  region size 1024K, 2 young (2048K), 2 survivors (2048K)
 Metaspace       used 108794K, committed 109568K, reserved 1179648K
  class space    used 15038K, committed 15424K, reserved 1048576K
}
Event: 226.500 GC heap before
{Heap before GC invocations=76 (full 0):
 garbage-first heap   total 176128K, used 149578K [0x0000000080000000, 0x0000000100000000)
  region size 1024K, 15 young (15360K), 2 survivors (2048K)
 Metaspace       used 109003K, committed 109760K, reserved 1179648K
  class space    used 15065K, committed 15424K, reserved 1048576K
}
Event: 226.524 GC heap after
{Heap after GC invocations=77 (full 0):
 garbage-first heap   total 176128K, used 138451K [0x0000000080000000, 0x0000000100000000)
  region size 1024K, 2 young (2048K), 2 survivors (2048K)
 Metaspace       used 109003K, committed 109760K, reserved 1179648K
  class space    used 15065K, committed 15424K, reserved 1048576K
}
Event: 227.188 GC heap before
{Heap before GC invocations=77 (full 0):
 garbage-first heap   total 176128K, used 150739K [0x0000000080000000, 0x0000000100000000)
  region size 1024K, 14 young (14336K), 2 survivors (2048K)
 Metaspace       used 109461K, committed 110272K, reserved 1179648K
  class space    used 15118K, committed 15488K, reserved 1048576K
}
Event: 227.199 GC heap after
{Heap after GC invocations=78 (full 0):
 garbage-first heap   total 176128K, used 140611K [0x0000000080000000, 0x0000000100000000)
  region size 1024K, 2 young (2048K), 2 survivors (2048K)
 Metaspace       used 109461K, committed 110272K, reserved 1179648K
  class space    used 15118K, committed 15488K, reserved 1048576K
}
Event: 227.631 GC heap before
{Heap before GC invocations=78 (full 0):
 garbage-first heap   total 176128K, used 150851K [0x0000000080000000, 0x0000000100000000)
  region size 1024K, 12 young (12288K), 2 survivors (2048K)
 Metaspace       used 109508K, committed 110272K, reserved 1179648K
  class space    used 15128K, committed 15488K, reserved 1048576K
}
Event: 227.641 GC heap after
{Heap after GC invocations=79 (full 0):
 garbage-first heap   total 176128K, used 142558K [0x0000000080000000, 0x0000000100000000)
  region size 1024K, 2 young (2048K), 2 survivors (2048K)
 Metaspace       used 109508K, committed 110272K, reserved 1179648K
  class space    used 15128K, committed 15488K, reserved 1048576K
}
Event: 228.510 GC heap before
{Heap before GC invocations=79 (full 0):
 garbage-first heap   total 176128K, used 150750K [0x0000000080000000, 0x0000000100000000)
  region size 1024K, 11 young (11264K), 2 survivors (2048K)
 Metaspace       used 109722K, committed 110464K, reserved 1179648K
  class space    used 15149K, committed 15488K, reserved 1048576K
}
Event: 228.527 GC heap after
{Heap after GC invocations=80 (full 0):
 garbage-first heap   total 211968K, used 144071K [0x0000000080000000, 0x0000000100000000)
  region size 1024K, 2 young (2048K), 2 survivors (2048K)
 Metaspace       used 109722K, committed 110464K, reserved 1179648K
  class space    used 15149K, committed 15488K, reserved 1048576K
}
Event: 231.577 GC heap before
{Heap before GC invocations=80 (full 0):
 garbage-first heap   total 211968K, used 176839K [0x0000000080000000, 0x0000000100000000)
  region size 1024K, 35 young (35840K), 2 survivors (2048K)
 Metaspace       used 109873K, committed 110656K, reserved 1179648K
  class space    used 15158K, committed 15552K, reserved 1048576K
}
Event: 231.600 GC heap after
{Heap after GC invocations=81 (full 0):
 garbage-first heap   total 211968K, used 145740K [0x0000000080000000, 0x0000000100000000)
  region size 1024K, 4 young (4096K), 4 survivors (4096K)
 Metaspace       used 109873K, committed 110656K, reserved 1179648K
  class space    used 15158K, committed 15552K, reserved 1048576K
}
Event: 237.088 GC heap before
{Heap before GC invocations=81 (full 0):
 garbage-first heap   total 211968K, used 177484K [0x0000000080000000, 0x0000000100000000)
  region size 1024K, 36 young (36864K), 4 survivors (4096K)
 Metaspace       used 110006K, committed 110784K, reserved 1179648K
  class space    used 15172K, committed 15552K, reserved 1048576K
}
Event: 237.103 GC heap after
{Heap after GC invocations=82 (full 0):
 garbage-first heap   total 211968K, used 147242K [0x0000000080000000, 0x0000000100000000)
  region size 1024K, 4 young (4096K), 4 survivors (4096K)
 Metaspace       used 110006K, committed 110784K, reserved 1179648K
  class space    used 15172K, committed 15552K, reserved 1048576K
}
Event: 239.434 GC heap before
{Heap before GC invocations=82 (full 0):
 garbage-first heap   total 211968K, used 177962K [0x0000000080000000, 0x0000000100000000)
  region size 1024K, 35 young (35840K), 4 survivors (4096K)
 Metaspace       used 110131K, committed 110912K, reserved 1179648K
  class space    used 15181K, committed 15552K, reserved 1048576K
}
Event: 239.445 GC heap after
{Heap after GC invocations=83 (full 0):
 garbage-first heap   total 211968K, used 148417K [0x0000000080000000, 0x0000000100000000)
  region size 1024K, 4 young (4096K), 4 survivors (4096K)
 Metaspace       used 110131K, committed 110912K, reserved 1179648K
  class space    used 15181K, committed 15552K, reserved 1048576K
}
Event: 244.437 GC heap before
{Heap before GC invocations=83 (full 0):
 garbage-first heap   total 211968K, used 170945K [0x0000000080000000, 0x0000000100000000)
  region size 1024K, 28 young (28672K), 4 survivors (4096K)
 Metaspace       used 111005K, committed 111808K, reserved 1179648K
  class space    used 15280K, committed 15680K, reserved 1048576K
}
Event: 244.445 GC heap after
{Heap after GC invocations=84 (full 0):
 garbage-first heap   total 211968K, used 149766K [0x0000000080000000, 0x0000000100000000)
  region size 1024K, 3 young (3072K), 3 survivors (3072K)
 Metaspace       used 111005K, committed 111808K, reserved 1179648K
  class space    used 15280K, committed 15680K, reserved 1048576K
}

