# JRE version: OpenJDK Runtime Environment (17.0.9) (build 17.0.9+0-17.0.9b1087.7-11185874)
# Java VM: OpenJDK 64-Bit Server VM (17.0.9+0-17.0.9b1087.7-11185874, mixed mode, tiered, compressed oops, compressed class ptrs, g1 gc, linux-amd64)
GC Precious Log:
 CPUs: 4 total, 4 available
 Memory: 7802M
 Large Page Support: Disabled
 NUMA Support: Disabled
 Compressed Oops: Enabled (32-bit)
 Heap Region Size: 1M
 Heap Min Capacity: 8M
 Heap Initial Capacity: 122M
 Heap Max Capacity: 2G
 Pre-touch: Disabled
 Parallel Workers: 4
 Concurrent Workers: 1
 Concurrent Refinement Workers: 4
 Periodic GC: Disabled
Heap:
 garbage-first heap   total 516096K, used 352689K [0x0000000080000000, 0x0000000100000000)
  region size 1024K, 97 young (99328K), 6 survivors (6144K)
 Metaspace       used 168297K, committed 169408K, reserved 1245184K
  class space    used 22423K, committed 22976K, reserved 1048576K
GC Heap History (20 events):
Event: 146.142 GC heap after
{Heap after GC invocations=76 (full 0):
 garbage-first heap   total 321536K, used 141841K [0x0000000080000000, 0x0000000100000000)
  region size 1024K, 2 young (2048K), 2 survivors (2048K)
 Metaspace       used 134554K, committed 135488K, reserved 1179648K
  class space    used 17949K, committed 18368K, reserved 1048576K
}
Event: 149.815 GC heap before
{Heap before GC invocations=76 (full 0):
 garbage-first heap   total 321536K, used 277009K [0x0000000080000000, 0x0000000100000000)
  region size 1024K, 125 young (128000K), 2 survivors (2048K)
 Metaspace       used 141973K, committed 142848K, reserved 1179648K
  class space    used 18710K, committed 19136K, reserved 1048576K
}
Event: 149.829 GC heap after
{Heap after GC invocations=77 (full 0):
 garbage-first heap   total 321536K, used 151671K [0x0000000080000000, 0x0000000100000000)
  region size 1024K, 8 young (8192K), 8 survivors (8192K)
 Metaspace       used 141973K, committed 142848K, reserved 1179648K
  class space    used 18710K, committed 19136K, reserved 1048576K
}
Event: 152.283 GC heap before
{Heap before GC invocations=77 (full 0):
 garbage-first heap   total 321536K, used 270455K [0x0000000080000000, 0x0000000100000000)
  region size 1024K, 117 young (119808K), 8 survivors (8192K)
 Metaspace       used 143425K, committed 144384K, reserved 1179648K
  class space    used 18869K, committed 19328K, reserved 1048576K
}
Event: 152.359 GC heap after
{Heap after GC invocations=78 (full 0):
 garbage-first heap   total 321536K, used 179374K [0x0000000080000000, 0x0000000100000000)
  region size 1024K, 15 young (15360K), 15 survivors (15360K)
 Metaspace       used 143425K, committed 144384K, reserved 1179648K
  class space    used 18869K, committed 19328K, reserved 1048576K
}
Event: 156.887 GC heap before
{Heap before GC invocations=78 (full 0):
 garbage-first heap   total 321536K, used 255150K [0x0000000080000000, 0x0000000100000000)
  region size 1024K, 90 young (92160K), 15 survivors (15360K)
 Metaspace       used 145633K, committed 146496K, reserved 1179648K
  class space    used 19102K, committed 19520K, reserved 1048576K
}
Event: 156.938 GC heap after
{Heap after GC invocations=79 (full 0):
 garbage-first heap   total 321536K, used 180224K [0x0000000080000000, 0x0000000100000000)
  region size 1024K, 8 young (8192K), 8 survivors (8192K)
 Metaspace       used 145633K, committed 146496K, reserved 1179648K
  class space    used 19102K, committed 19520K, reserved 1048576K
}
Event: 169.434 GC heap before
{Heap before GC invocations=80 (full 0):
 garbage-first heap   total 321536K, used 258048K [0x0000000080000000, 0x0000000100000000)
  region size 1024K, 83 young (84992K), 8 survivors (8192K)
 Metaspace       used 151377K, committed 152384K, reserved 1245184K
  class space    used 19941K, committed 20480K, reserved 1048576K
}
Event: 169.488 GC heap after
{Heap after GC invocations=81 (full 0):
 garbage-first heap   total 321536K, used 189290K [0x0000000080000000, 0x0000000100000000)
  region size 1024K, 10 young (10240K), 10 survivors (10240K)
 Metaspace       used 151377K, committed 152384K, reserved 1245184K
  class space    used 19941K, committed 20480K, reserved 1048576K
}
Event: 170.961 GC heap before
{Heap before GC invocations=81 (full 0):
 garbage-first heap   total 321536K, used 193386K [0x0000000080000000, 0x0000000100000000)
  region size 1024K, 15 young (15360K), 10 survivors (10240K)
 Metaspace       used 151975K, committed 152960K, reserved 1245184K
  class space    used 20040K, committed 20544K, reserved 1048576K
}
Event: 171.051 GC heap after
{Heap after GC invocations=82 (full 0):
 garbage-first heap   total 321536K, used 185491K [0x0000000080000000, 0x0000000100000000)
  region size 1024K, 2 young (2048K), 2 survivors (2048K)
 Metaspace       used 151975K, committed 152960K, reserved 1245184K
  class space    used 20040K, committed 20544K, reserved 1048576K
}
Event: 181.480 GC heap before
{Heap before GC invocations=82 (full 0):
 garbage-first heap   total 321536K, used 258195K [0x0000000080000000, 0x0000000100000000)
  region size 1024K, 74 young (75776K), 2 survivors (2048K)
 Metaspace       used 159047K, committed 160064K, reserved 1245184K
  class space    used 21139K, committed 21632K, reserved 1048576K
}
Event: 181.493 GC heap after
{Heap after GC invocations=83 (full 0):
 garbage-first heap   total 439296K, used 186563K [0x0000000080000000, 0x0000000100000000)
  region size 1024K, 3 young (3072K), 3 survivors (3072K)
 Metaspace       used 159047K, committed 160064K, reserved 1245184K
  class space    used 21139K, committed 21632K, reserved 1048576K
}
Event: 190.246 GC heap before
{Heap before GC invocations=83 (full 0):
 garbage-first heap   total 439296K, used 368835K [0x0000000080000000, 0x0000000100000000)
  region size 1024K, 143 young (146432K), 3 survivors (3072K)
 Metaspace       used 165963K, committed 167040K, reserved 1245184K
  class space    used 22174K, committed 22720K, reserved 1048576K
}
Event: 190.265 GC heap after
{Heap after GC invocations=84 (full 0):
 garbage-first heap   total 439296K, used 198932K [0x0000000080000000, 0x0000000100000000)
  region size 1024K, 5 young (5120K), 5 survivors (5120K)
 Metaspace       used 165963K, committed 167040K, reserved 1245184K
  class space    used 22174K, committed 22720K, reserved 1048576K
}
Event: 950.937 GC heap before
{Heap before GC invocations=84 (full 0):
 garbage-first heap   total 439296K, used 369940K [0x0000000080000000, 0x0000000100000000)
  region size 1024K, 158 young (161792K), 5 survivors (5120K)
 Metaspace       used 167985K, committed 169152K, reserved 1245184K
  class space    used 22408K, committed 22976K, reserved 1048576K
}
Event: 951.027 GC heap after
{Heap after GC invocations=85 (full 0):
 garbage-first heap   total 439296K, used 203890K [0x0000000080000000, 0x0000000100000000)
  region size 1024K, 17 young (17408K), 17 survivors (17408K)
 Metaspace       used 167985K, committed 169152K, reserved 1245184K
  class space    used 22408K, committed 22976K, reserved 1048576K
}
Event: 953.027 GC heap before
{Heap before GC invocations=85 (full 0):
 garbage-first heap   total 439296K, used 332914K [0x0000000080000000, 0x0000000100000000)
  region size 1024K, 122 young (124928K), 17 survivors (17408K)
 Metaspace       used 168075K, committed 169216K, reserved 1245184K
  class space    used 22408K, committed 22976K, reserved 1048576K
}
Event: 953.215 GC heap after
{Heap after GC invocations=86 (full 0):
 garbage-first heap   total 439296K, used 245169K [0x0000000080000000, 0x0000000100000000)
  region size 1024K, 21 young (21504K), 21 survivors (21504K)
 Metaspace       used 168075K, committed 169216K, reserved 1245184K
  class space    used 22408K, committed 22976K, reserved 1048576K
}
Event: 956.887 GC heap before
{Heap before GC invocations=87 (full 0):
 garbage-first heap   total 516096K, used 351665K [0x0000000080000000, 0x0000000100000000)
  region size 1024K, 112 young (114688K), 21 survivors (21504K)
 Metaspace       used 168297K, committed 169408K, reserved 1245184K
  class space    used 22423K, committed 22976K, reserved 1048576K
}

